<component name="libraryTable">
  <library name="junit-4.10">
    <CLASSES>
      <root url="file://$PROJECT_DIR$/../junit-4.10.jar" />
    </CLASSES>
    <JAVADOC />
    <SOURCES />
  </library>
</component>